<?xml version="1.0" encoding="UTF-8"?>
<!-- Generated by org.testng.reporters.JUnitReportReporter -->
<testsuite hostname="PREDATOR" failures="0" tests="9" name="tests.Test1" time="180.085" errors="0" timestamp="2021-11-22T12:46:02 IST" skipped="0">
  <testcase classname="tests.Test1" name="SelectCity" time="22.019"/>
  <system-out/>
  <testcase classname="tests.Test1" name="SelectDates" time="15.791"/>
  <system-out/>
  <testcase classname="tests.Test1" name="SelectGuests" time="8.073"/>
  <system-out/>
  <testcase classname="tests.Test1" name="Click_ShowHotels" time="26.905"/>
  <system-out/>
  <testcase classname="tests.Test1" name="Click_LeastHotel" time="30.549"/>
  <system-out/>
  <testcase classname="tests.Test1" name="Click_LeastRoom" time="12.976"/>
  <system-out/>
  <testcase classname="tests.Test1" name="Enter_Details" time="45.418"/>
  <system-out/>
  <testcase classname="tests.Test1" name="Enter_CardDetails" time="13.001"/>
  <system-out/>
  <testcase classname="tests.Test1" name="Alert_verify" time="5.353"/>
  <system-out/>
</testsuite> <!-- tests.Test1 -->
